[01m[K/home/xinchen/Dev/SRTP/src/motor_controller/src/torque_controller.cpp:45:1:[m[K [01;31m[Kerror: [m[Kexpected â€˜[01m[K}[m[Kâ€™ at end of input
   45 | [01;31m[K}[m[K
      | [01;31m[K^[m[K
[01m[K/home/xinchen/Dev/SRTP/src/motor_controller/src/torque_controller.cpp:14:1:[m[K [01;36m[Knote: [m[Kto match this â€˜[01m[K{[m[Kâ€™
   14 | [01;36m[K{[m[K
      | [01;36m[K^[m[K
[01m[K/home/xinchen/Dev/SRTP/src/motor_controller/src/torque_controller.cpp:[m[K In lambda function:
[01m[K/home/xinchen/Dev/SRTP/src/motor_controller/src/torque_controller.cpp:22:23:[m[K [01;31m[Kerror: [m[Kâ€˜[01m[Kclass TorqueController[m[Kâ€™ has no member named â€˜[01m[Ktorque_callback[m[Kâ€™
   22 |                 this->[01;31m[Ktorque_callback[m[K(*torque);
      |                       [01;31m[K^~~~~~~~~~~~~~~[m[K
[01m[K/home/xinchen/Dev/SRTP/src/motor_controller/src/torque_controller.cpp:[m[K In constructor â€˜[01m[KTorqueController::TorqueController()[m[Kâ€™:
[01m[K/home/xinchen/Dev/SRTP/src/motor_controller/src/torque_controller.cpp:23:14:[m[K [01;31m[Kerror: [m[Kexpected â€˜[01m[K)[m[Kâ€™ before â€˜[01m[K}[m[Kâ€™ token
   23 |             }
      |              [01;31m[K^[m[K
      |              [32m[K)[m[K
   24 |     [32m[K}[m[K
      |     [32m[K~[m[K         
[01m[K/home/xinchen/Dev/SRTP/src/motor_controller/src/torque_controller.cpp:20:81:[m[K [01;36m[Knote: [m[Kto match this â€˜[01m[K([m[Kâ€™
   20 |         subscription_ = this->create_subscription<custom_interface::msg::Torque>[01;36m[K([m[K
      |                                                                                 [01;36m[K^[m[K
[01m[K/home/xinchen/Dev/SRTP/src/motor_controller/src/torque_controller.cpp:[m[K At global scope:
[01m[K/home/xinchen/Dev/SRTP/src/motor_controller/src/torque_controller.cpp:24:5:[m[K [01;31m[Kerror: [m[Kexpected unqualified-id at end of input
   24 |     [01;31m[K}[m[K
      |     [01;31m[K^[m[K
make[2]: *** [CMakeFiles/torque_controller.dir/build.make:63: CMakeFiles/torque_controller.dir/src/torque_controller.cpp.o] Error 1
make[1]: *** [CMakeFiles/Makefile2:107: CMakeFiles/torque_controller.dir/all] Error 2
make: *** [Makefile:141: all] Error 2
